Wearable/build/intermediates/manifest_merge_blame_file/debug/manifest-merger-blame-debug-report.txt
1<?xml version="1.0" encoding="utf-8"?>
2<!--
3 Copyright (C) 2021 The Android Open Source Project
4
5     Licensed under the Apache License, Version 2.0 (the "License");
6     you may not use this file except in compliance with the License.
7     You may obtain a copy of the License at
8
9          http://www.apache.org/licenses/LICENSE-2.0
10
11     Unless required by applicable law or agreed to in writing, software
12     distributed under the License is distributed on an "AS IS" BASIS,
13     WITHOUT WARRANTIES OR CONDITIONS OF ANY KIND, either express or implied.
14     See the License for the specific language governing permissions and
15     limitations under the License.
16-->
17<manifest xmlns:android="http://schemas.android.com/apk/res/android"
18    package="com.pinkunicorp.watch.eyes"
19    android:versionCode="1"
20    android:versionName="1.0" >
21
22    <uses-sdk
23        android:minSdkVersion="26"
23-->src\main\AndroidManifest.xml
24        android:targetSdkVersion="30" />
24-->src\main\AndroidManifest.xml
25
26    <uses-feature android:name="android.hardware.type.watch" />
26-->src\main\AndroidManifest.xml:20:5-64
26-->src\main\AndroidManifest.xml:20:19-61
27
28    <application
28-->src\main\AndroidManifest.xml:22:5-68:19
29        android:allowBackup="true"
29-->src\main\AndroidManifest.xml:23:9-35
30        android:appComponentFactory="androidx.core.app.CoreComponentFactory"
30-->[androidx.core:core:1.8.0] AndroidManifest.xml:24:18-86
31        android:debuggable="true"
32        android:extractNativeLibs="false"
33        android:fullBackupOnly="true"
33-->src\main\AndroidManifest.xml:24:9-38
34        android:icon="@drawable/ic_launcher"
34-->src\main\AndroidManifest.xml:25:9-45
35        android:label="@string/app_name"
35-->src\main\AndroidManifest.xml:26:9-41
36        android:testOnly="true"
37        android:theme="@android:style/Theme.DeviceDefault" >
37-->src\main\AndroidManifest.xml:27:9-59
38        <meta-data
38-->src\main\AndroidManifest.xml:29:9-31:37
39            android:name="com.google.android.wearable.standalone"
39-->src\main\AndroidManifest.xml:30:13-66
40            android:value="false" />
40-->src\main\AndroidManifest.xml:31:13-34
41        <meta-data
41-->src\main\AndroidManifest.xml:33:9-35:69
42            android:name="com.google.android.gms.version"
42-->src\main\AndroidManifest.xml:34:13-58
43            android:value="@integer/google_play_services_version" />
43-->src\main\AndroidManifest.xml:35:13-66
44
45        <service
45-->src\main\AndroidManifest.xml:37:9-55:19
46            android:name="com.pinkunicorp.watch.eyes.DataLayerListenerService"
46-->src\main\AndroidManifest.xml:38:13-53
47            android:exported="true" >
47-->src\main\AndroidManifest.xml:39:13-36
48            <intent-filter>
48-->src\main\AndroidManifest.xml:40:13-47:29
49
50                <!-- listeners receive events that match the action and data filters -->
51                <action android:name="com.google.android.gms.wearable.DATA_CHANGED" />
51-->src\main\AndroidManifest.xml:42:17-87
51-->src\main\AndroidManifest.xml:42:25-84
52
53                <data
53-->src\main\AndroidManifest.xml:43:17-46:45
54                    android:host="*"
54-->src\main\AndroidManifest.xml:44:21-37
55                    android:pathPrefix="/count"
55-->src\main\AndroidManifest.xml:45:21-48
56                    android:scheme="wear" />
56-->src\main\AndroidManifest.xml:46:21-42
57            </intent-filter>
58            <intent-filter>
58-->src\main\AndroidManifest.xml:48:13-54:29
59                <action android:name="com.google.android.gms.wearable.MESSAGE_RECEIVED" />
59-->src\main\AndroidManifest.xml:49:17-91
59-->src\main\AndroidManifest.xml:49:25-88
60
61                <data
61-->src\main\AndroidManifest.xml:43:17-46:45
62                    android:host="*"
62-->src\main\AndroidManifest.xml:44:21-37
63                    android:pathPrefix="/start-activity"
63-->src\main\AndroidManifest.xml:45:21-48
64                    android:scheme="wear" />
64-->src\main\AndroidManifest.xml:46:21-42
65            </intent-filter>
66        </service>
67
68        <activity
68-->src\main\AndroidManifest.xml:56:9-67:20
69            android:name="com.pinkunicorp.watch.eyes.MainActivity"
69-->src\main\AndroidManifest.xml:57:13-41
70            android:exported="true" >
70-->src\main\AndroidManifest.xml:58:13-36
71            <intent-filter>
71-->src\main\AndroidManifest.xml:59:13-62:29
72                <action android:name="android.intent.action.MAIN" />
72-->src\main\AndroidManifest.xml:60:17-69
72-->src\main\AndroidManifest.xml:60:25-66
73
74                <category android:name="android.intent.category.LAUNCHER" />
74-->src\main\AndroidManifest.xml:61:17-77
74-->src\main\AndroidManifest.xml:61:27-74
75            </intent-filter>
76            <intent-filter>
76-->src\main\AndroidManifest.xml:63:13-66:29
77                <action android:name="com.pinkunicorp.watch.eyes.EXAMPLE" />
77-->src\main\AndroidManifest.xml:64:17-77
77-->src\main\AndroidManifest.xml:64:25-74
78
79                <category android:name="android.intent.category.DEFAULT" />
79-->src\main\AndroidManifest.xml:65:17-76
79-->src\main\AndroidManifest.xml:65:27-73
80            </intent-filter>
81        </activity>
82        <activity
82-->[androidx.compose.ui:ui-tooling:1.2.1] AndroidManifest.xml:24:9-26:39
83            android:name="androidx.compose.ui.tooling.PreviewActivity"
83-->[androidx.compose.ui:ui-tooling:1.2.1] AndroidManifest.xml:25:13-71
84            android:exported="true" />
84-->[androidx.compose.ui:ui-tooling:1.2.1] AndroidManifest.xml:26:13-36
85        <activity
85-->[com.google.android.gms:play-services-base:17.5.0] AndroidManifest.xml:23:9-26:75
86            android:name="com.google.android.gms.common.api.GoogleApiActivity"
86-->[com.google.android.gms:play-services-base:17.5.0] AndroidManifest.xml:24:13-79
87            android:exported="false"
87-->[com.google.android.gms:play-services-base:17.5.0] AndroidManifest.xml:25:13-37
88            android:theme="@android:style/Theme.Translucent.NoTitleBar" />
88-->[com.google.android.gms:play-services-base:17.5.0] AndroidManifest.xml:26:13-72
89
90        <provider
90-->[androidx.profileinstaller:profileinstaller:1.2.0] AndroidManifest.xml:25:9-33:20
91            android:name="androidx.startup.InitializationProvider"
91-->[androidx.profileinstaller:profileinstaller:1.2.0] AndroidManifest.xml:26:13-67
92            android:authorities="com.pinkunicorp.watch.eyes.androidx-startup"
92-->[androidx.profileinstaller:profileinstaller:1.2.0] AndroidManifest.xml:27:13-68
93            android:exported="false" >
93-->[androidx.profileinstaller:profileinstaller:1.2.0] AndroidManifest.xml:28:13-37
94            <meta-data
94-->[androidx.profileinstaller:profileinstaller:1.2.0] AndroidManifest.xml:30:13-32:52
95                android:name="androidx.profileinstaller.ProfileInstallerInitializer"
95-->[androidx.profileinstaller:profileinstaller:1.2.0] AndroidManifest.xml:31:17-85
96                android:value="androidx.startup" />
96-->[androidx.profileinstaller:profileinstaller:1.2.0] AndroidManifest.xml:32:17-49
97        </provider>
98
99        <receiver
99-->[androidx.profileinstaller:profileinstaller:1.2.0] AndroidManifest.xml:35:9-47:20
100            android:name="androidx.profileinstaller.ProfileInstallReceiver"
100-->[androidx.profileinstaller:profileinstaller:1.2.0] AndroidManifest.xml:36:13-76
101            android:directBootAware="false"
101-->[androidx.profileinstaller:profileinstaller:1.2.0] AndroidManifest.xml:37:13-44
102            android:enabled="true"
102-->[androidx.profileinstaller:profileinstaller:1.2.0] AndroidManifest.xml:38:13-35
103            android:exported="true"
103-->[androidx.profileinstaller:profileinstaller:1.2.0] AndroidManifest.xml:39:13-36
104            android:permission="android.permission.DUMP" >
104-->[androidx.profileinstaller:profileinstaller:1.2.0] AndroidManifest.xml:40:13-57
105            <intent-filter>
105-->[androidx.profileinstaller:profileinstaller:1.2.0] AndroidManifest.xml:41:13-43:29
106                <action android:name="androidx.profileinstaller.action.INSTALL_PROFILE" />
106-->[androidx.profileinstaller:profileinstaller:1.2.0] AndroidManifest.xml:42:17-91
106-->[androidx.profileinstaller:profileinstaller:1.2.0] AndroidManifest.xml:42:25-88
107            </intent-filter>
108            <intent-filter>
108-->[androidx.profileinstaller:profileinstaller:1.2.0] AndroidManifest.xml:44:13-46:29
109                <action android:name="androidx.profileinstaller.action.SKIP_FILE" />
109-->[androidx.profileinstaller:profileinstaller:1.2.0] AndroidManifest.xml:45:17-85
109-->[androidx.profileinstaller:profileinstaller:1.2.0] AndroidManifest.xml:45:25-82
110            </intent-filter>
111        </receiver>
112    </application>
113
114</manifest>